[2026-07-07 13:10:36] local.ERROR: cURL error 6: Could not resolve host: api.remove.bg (see https://curl.haxx.se/libcurl/c/libcurl-errors.html) for https://api.remove.bg/v1.0/removebg {"userId":1,"exception":"[object] (Illuminate\\Http\\Client\\ConnectionException(code: 0): cURL error 6: Could not resolve host: api.remove.bg (see https://curl.haxx.se/libcurl/c/libcurl-errors.html) for https://api.remove.bg/v1.0/removebg at D:\\For WEB\\Edraak Full Stack Web Development\\Final Project\\Grace\\vendor\\laravel\\framework\\src\\Illuminate\\Http\\Client\\PendingRequest.php:855)
[stacktrace]
#0 D:\\For WEB\\Edraak Full Stack Web Development\\Final Project\\Grace\\vendor\\laravel\\framework\\src\\Illuminate\\Support\\helpers.php(260): Illuminate\\Http\\Client\\PendingRequest->Illuminate\\Http\\Client\\{closure}(1)
#1 D:\\For WEB\\Edraak Full Stack Web Development\\Final Project\\Grace\\vendor\\laravel\\framework\\src\\Illuminate\\Http\\Client\\PendingRequest.php(821): retry(0, Object(Closure), 100, Object(Closure))
#2 D:\\For WEB\\Edraak Full Stack Web Development\\Final Project\\Grace\\vendor\\laravel\\framework\\src\\Illuminate\\Http\\Client\\PendingRequest.php(727): Illuminate\\Http\\Client\\PendingRequest->send('POST', 'https://api.rem...', Array)
#3 D:\\For WEB\\Edraak Full Stack Web Development\\Final Project\\Grace\\app\\Helpers\\Helpers.php(335): Illuminate\\Http\\Client\\PendingRequest->post('https://api.rem...', Array)
#4 D:\\For WEB\\Edraak Full Stack Web Development\\Final Project\\Grace\\app\\Helpers\\Helpers.php(382): storeImageWithoutBackground(Object(Illuminate\\Http\\UploadedFile), 'public/images/p...')
#5 D:\\For WEB\\Edraak Full Stack Web Development\\Final Project\\Grace\\app\\Services\\ProductService.php(207): storeOrUpdateImage('main_image', Object(App\\Models\\Product), NULL, Object(Illuminate\\Http\\UploadedFile), 'on')
#6 D:\\For WEB\\Edraak Full Stack Web Development\\Final Project\\Grace\\app\\Services\\ProductService.php(101): App\\Services\\ProductService->createOrUpdateCollection(Object(App\\Http\\Requests\\ProductRequest), Array)
#7 D:\\For WEB\\Edraak Full Stack Web Development\\Final Project\\Grace\\app\\Http\\Controllers\\ProductController.php(63): App\\Services\\ProductService->createOrUpdateProduct('add')
#8 D:\\For WEB\\Edraak Full Stack Web Development\\Final Project\\Grace\\vendor\\laravel\\framework\\src\\Illuminate\\Routing\\Controller.php(54): App\\Http\\Controllers\\ProductController->storeOrUpdate('add')
#9 D:\\For WEB\\Edraak Full Stack Web Development\\Final Project\\Grace\\vendor\\laravel\\framework\\src\\Illuminate\\Routing\\ControllerDispatcher.php(43): Illuminate\\Routing\\Controller->callAction('storeOrUpdate', Array)
#10 D:\\For WEB\\Edraak Full Stack Web Development\\Final Project\\Grace\\vendor\\laravel\\framework\\src\\Illuminate\\Routing\\Route.php(259): Illuminate\\Routing\\ControllerDispatcher->dispatch(Object(Illuminate\\Routing\\Route), Object(App\\Http\\Controllers\\ProductController), 'storeOrUpdate')
#11 D:\\For WEB\\Edraak Full Stack Web Development\\Final Project\\Grace\\vendor\\laravel\\framework\\src\\Illuminate\\Routing\\Route.php(205): Illuminate\\Routing\\Route->runController()
#12 D:\\For WEB\\Edraak Full Stack Web Development\\Final Project\\Grace\\vendor\\laravel\\framework\\src\\Illuminate\\Routing\\Router.php(798): Illuminate\\Routing\\Route->run()
#13 D:\\For WEB\\Edraak Full Stack Web Development\\Final Project\\Grace\\vendor\\laravel\\framework\\src\\Illuminate\\Pipeline\\Pipeline.php(141): Illuminate\\Routing\\Router->Illuminate\\Routing\\{closure}(Object(Illuminate\\Http\\Request))
#14 D:\\For WEB\\Edraak Full Stack Web Development\\Final Project\\Grace\\app\\Http\\Middleware\\Admin.php(25): Illuminate\\Pipeline\\Pipeline->Illuminate\\Pipeline\\{closure}(Object(Illuminate\\Http\\Request))
#15 D:\\For WEB\\Edraak Full Stack Web Development\\Final Project\\Grace\\vendor\\laravel\\framework\\src\\Illuminate\\Pipeline\\Pipeline.php(180): App\\Http\\Middleware\\Admin->handle(Object(Illuminate\\Http\\Request), Object(Closure))
#16 D:\\For WEB\\Edraak Full Stack Web Development\\Final Project\\Grace\\app\\Http\\Middleware\\UserActivity.php(31): Illuminate\\Pipeline\\Pipeline->Illuminate\\Pipeline\\{closure}(Object(Illuminate\\Http\\Request))
#17 D:\\For WEB\\Edraak Full Stack Web Development\\Final Project\\Grace\\vendor\\laravel\\framework\\src\\Illuminate\\Pipeline\\Pipeline.php(180): App\\Http\\Middleware\\UserActivity->handle(Object(Illuminate\\Http\\Request), Object(Closure))
#18 D:\\For WEB\\Edraak Full Stack Web Development\\Final Project\\Grace\\vendor\\laravel\\framework\\src\\Illuminate\\Routing\\Middleware\\SubstituteBindings.php(50): Illuminate\\Pipeline\\Pipeline->Illuminate\\Pipeline\\{closure}(Object(Illuminate\\Http\\Request))
#19 D:\\For WEB\\Edraak Full Stack Web Development\\Final Project\\Grace\\vendor\\laravel\\framework\\src\\Illuminate\\Pipeline\\Pipeline.php(180): Illuminate\\Routing\\Middleware\\SubstituteBindings->handle(Object(Illuminate\\Http\\Request), Object(Closure))
#20 D:\\For WEB\\Edraak Full Stack Web Development\\Final Project\\Grace\\vendor\\laravel\\framework\\src\\Illuminate\\Foundation\\Http\\Middleware\\VerifyCsrfToken.php(78): Illuminate\\Pipeline\\Pipeline->Illuminate\\Pipeline\\{closure}(Object(Illuminate\\Http\\Request))
#21 D:\\For WEB\\Edraak Full Stack Web Development\\Final Project\\Grace\\vendor\\laravel\\framework\\src\\Illuminate\\Pipeline\\Pipeline.php(180): Illuminate\\Foundation\\Http\\Middleware\\VerifyCsrfToken->handle(Object(Illuminate\\Http\\Request), Object(Closure))
#22 D:\\For WEB\\Edraak Full Stack Web Development\\Final Project\\Grace\\vendor\\laravel\\framework\\src\\Illuminate\\Cookie\\Middleware\\AddQueuedCookiesToResponse.php(37): Illuminate\\Pipeline\\Pipeline->Illuminate\\Pipeline\\{closure}(Object(Illuminate\\Http\\Request))
#23 D:\\For WEB\\Edraak Full Stack Web Development\\Final Project\\Grace\\vendor\\laravel\\framework\\src\\Illuminate\\Pipeline\\Pipeline.php(180): Illuminate\\Cookie\\Middleware\\AddQueuedCookiesToResponse->handle(Object(Illuminate\\Http\\Request), Object(Closure))
#24 D:\\For WEB\\Edraak Full Stack Web Development\\Final Project\\Grace\\vendor\\laravel\\framework\\src\\Illuminate\\Cookie\\Middleware\\EncryptCookies.php(67): Illuminate\\Pipeline\\Pipeline->Illuminate\\Pipeline\\{closure}(Object(Illuminate\\Http\\Request))
#25 D:\\For WEB\\Edraak Full Stack Web Development\\Final Project\\Grace\\vendor\\laravel\\framework\\src\\Illuminate\\Pipeline\\Pipeline.php(180): Illuminate\\Cookie\\Middleware\\EncryptCookies->handle(Object(Illuminate\\Http\\Request), Object(Closure))
#26 D:\\For WEB\\Edraak Full Stack Web Development\\Final Project\\Grace\\vendor\\laravel\\framework\\src\\Illuminate\\Routing\\Middleware\\ThrottleRequests.php(126): Illuminate\\Pipeline\\Pipeline->Illuminate\\Pipeline\\{closure}(Object(Illuminate\\Http\\Request))
#27 D:\\For WEB\\Edraak Full Stack Web Development\\Final Project\\Grace\\vendor\\laravel\\framework\\src\\Illuminate\\Routing\\Middleware\\ThrottleRequests.php(57): Illuminate\\Routing\\Middleware\\ThrottleRequests->handleRequest(Object(Illuminate\\Http\\Request), Object(Closure), Array)
#28 D:\\For WEB\\Edraak Full Stack Web Development\\Final Project\\Grace\\vendor\\laravel\\framework\\src\\Illuminate\\Pipeline\\Pipeline.php(180): Illuminate\\Routing\\Middleware\\ThrottleRequests->handle(Object(Illuminate\\Http\\Request), Object(Closure), '60', '1')
#29 D:\\For WEB\\Edraak Full Stack Web Development\\Final Project\\Grace\\vendor\\laravel\\framework\\src\\Illuminate\\Auth\\Middleware\\Authenticate.php(44): Illuminate\\Pipeline\\Pipeline->Illuminate\\Pipeline\\{closure}(Object(Illuminate\\Http\\Request))
#30 D:\\For WEB\\Edraak Full Stack Web Development\\Final Project\\Grace\\vendor\\laravel\\framework\\src\\Illuminate\\Pipeline\\Pipeline.php(180): Illuminate\\Auth\\Middleware\\Authenticate->handle(Object(Illuminate\\Http\\Request), Object(Closure))
#31 D:\\For WEB\\Edraak Full Stack Web Development\\Final Project\\Grace\\vendor\\laravel\\framework\\src\\Illuminate\\View\\Middleware\\ShareErrorsFromSession.php(49): Illuminate\\Pipeline\\Pipeline->Illuminate\\Pipeline\\{closure}(Object(Illuminate\\Http\\Request))
#32 D:\\For WEB\\Edraak Full Stack Web Development\\Final Project\\Grace\\vendor\\laravel\\framework\\src\\Illuminate\\Pipeline\\Pipeline.php(180): Illuminate\\View\\Middleware\\ShareErrorsFromSession->handle(Object(Illuminate\\Http\\Request), Object(Closure))
#33 D:\\For WEB\\Edraak Full Stack Web Development\\Final Project\\Grace\\vendor\\laravel\\framework\\src\\Illuminate\\Session\\Middleware\\StartSession.php(121): Illuminate\\Pipeline\\Pipeline->Illuminate\\Pipeline\\{closure}(Object(Illuminate\\Http\\Request))
#34 D:\\For WEB\\Edraak Full Stack Web Development\\Final Project\\Grace\\vendor\\laravel\\framework\\src\\Illuminate\\Session\\Middleware\\StartSession.php(64): Illuminate\\Session\\Middleware\\StartSession->handleStatefulRequest(Object(Illuminate\\Http\\Request), Object(Illuminate\\Session\\Store), Object(Closure))
#35 D:\\For WEB\\Edraak Full Stack Web Development\\Final Project\\Grace\\vendor\\laravel\\framework\\src\\Illuminate\\Pipeline\\Pipeline.php(180): Illuminate\\Session\\Middleware\\StartSession->handle(Object(Illuminate\\Http\\Request), Object(Closure))
#36 D:\\For WEB\\Edraak Full Stack Web Development\\Final Project\\Grace\\vendor\\laravel\\framework\\src\\Illuminate\\Pipeline\\Pipeline.php(116): Illuminate\\Pipeline\\Pipeline->Illuminate\\Pipeline\\{closure}(Object(Illuminate\\Http\\Request))
#37 D:\\For WEB\\Edraak Full Stack Web Development\\Final Project\\Grace\\vendor\\laravel\\framework\\src\\Illuminate\\Routing\\Router.php(797): Illuminate\\Pipeline\\Pipeline->then(Object(Closure))
#38 D:\\For WEB\\Edraak Full Stack Web Development\\Final Project\\Grace\\vendor\\laravel\\framework\\src\\Illuminate\\Routing\\Router.php(776): Illuminate\\Routing\\Router->runRouteWithinStack(Object(Illuminate\\Routing\\Route), Object(Illuminate\\Http\\Request))
#39 D:\\For WEB\\Edraak Full Stack Web Development\\Final Project\\Grace\\vendor\\laravel\\framework\\src\\Illuminate\\Routing\\Router.php(740): Illuminate\\Routing\\Router->runRoute(Object(Illuminate\\Http\\Request), Object(Illuminate\\Routing\\Route))
#40 D:\\For WEB\\Edraak Full Stack Web Development\\Final Project\\Grace\\vendor\\laravel\\framework\\src\\Illuminate\\Routing\\Router.php(729): Illuminate\\Routing\\Router->dispatchToRoute(Object(Illuminate\\Http\\Request))
#41 D:\\For WEB\\Edraak Full Stack Web Development\\Final Project\\Grace\\vendor\\laravel\\framework\\src\\Illuminate\\Foundation\\Http\\Kernel.php(190): Illuminate\\Routing\\Router->dispatch(Object(Illuminate\\Http\\Request))
#42 D:\\For WEB\\Edraak Full Stack Web Development\\Final Project\\Grace\\vendor\\laravel\\framework\\src\\Illuminate\\Pipeline\\Pipeline.php(141): Illuminate\\Foundation\\Http\\Kernel->Illuminate\\Foundation\\Http\\{closure}(Object(Illuminate\\Http\\Request))
#43 D:\\For WEB\\Edraak Full Stack Web Development\\Final Project\\Grace\\app\\Http\\Middleware\\ErrorSessionStart.php(26): Illuminate\\Pipeline\\Pipeline->Illuminate\\Pipeline\\{closure}(Object(Illuminate\\Http\\Request))
#44 D:\\For WEB\\Edraak Full Stack Web Development\\Final Project\\Grace\\vendor\\laravel\\framework\\src\\Illuminate\\Pipeline\\Pipeline.php(180): App\\Http\\Middleware\\ErrorSessionStart->handle(Object(Illuminate\\Http\\Request), Object(Closure))
#45 D:\\For WEB\\Edraak Full Stack Web Development\\Final Project\\Grace\\app\\Http\\Middleware\\SecurityHeadersPolicy.php(24): Illuminate\\Pipeline\\Pipeline->Illuminate\\Pipeline\\{closure}(Object(Illuminate\\Http\\Request))
#46 D:\\For WEB\\Edraak Full Stack Web Development\\Final Project\\Grace\\vendor\\laravel\\framework\\src\\Illuminate\\Pipeline\\Pipeline.php(180): App\\Http\\Middleware\\SecurityHeadersPolicy->handle(Object(Illuminate\\Http\\Request), Object(Closure))
#47 D:\\For WEB\\Edraak Full Stack Web Development\\Final Project\\Grace\\vendor\\laravel\\framework\\src\\Illuminate\\Foundation\\Http\\Middleware\\TransformsRequest.php(21): Illuminate\\Pipeline\\Pipeline->Illuminate\\Pipeline\\{closure}(Object(Illuminate\\Http\\Request))
#48 D:\\For WEB\\Edraak Full Stack Web Development\\Final Project\\Grace\\vendor\\laravel\\framework\\src\\Illuminate\\Foundation\\Http\\Middleware\\ConvertEmptyStringsToNull.php(31): Illuminate\\Foundation\\Http\\Middleware\\TransformsRequest->handle(Object(Illuminate\\Http\\Request), Object(Closure))
#49 D:\\For WEB\\Edraak Full Stack Web Development\\Final Project\\Grace\\vendor\\laravel\\framework\\src\\Illuminate\\Pipeline\\Pipeline.php(180): Illuminate\\Foundation\\Http\\Middleware\\ConvertEmptyStringsToNull->handle(Object(Illuminate\\Http\\Request), Object(Closure))
#50 D:\\For WEB\\Edraak Full Stack Web Development\\Final Project\\Grace\\vendor\\laravel\\framework\\src\\Illuminate\\Foundation\\Http\\Middleware\\TransformsRequest.php(21): Illuminate\\Pipeline\\Pipeline->Illuminate\\Pipeline\\{closure}(Object(Illuminate\\Http\\Request))
#51 D:\\For WEB\\Edraak Full Stack Web Development\\Final Project\\Grace\\vendor\\laravel\\framework\\src\\Illuminate\\Foundation\\Http\\Middleware\\TrimStrings.php(40): Illuminate\\Foundation\\Http\\Middleware\\TransformsRequest->handle(Object(Illuminate\\Http\\Request), Object(Closure))
#52 D:\\For WEB\\Edraak Full Stack Web Development\\Final Project\\Grace\\vendor\\laravel\\framework\\src\\Illuminate\\Pipeline\\Pipeline.php(180): Illuminate\\Foundation\\Http\\Middleware\\TrimStrings->handle(Object(Illuminate\\Http\\Request), Object(Closure))
#53 D:\\For WEB\\Edraak Full Stack Web Development\\Final Project\\Grace\\vendor\\laravel\\framework\\src\\Illuminate\\Foundation\\Http\\Middleware\\ValidatePostSize.php(27): Illuminate\\Pipeline\\Pipeline->Illuminate\\Pipeline\\{closure}(Object(Illuminate\\Http\\Request))
#54 D:\\For WEB\\Edraak Full Stack Web Development\\Final Project\\Grace\\vendor\\laravel\\framework\\src\\Illuminate\\Pipeline\\Pipeline.php(180): Illuminate\\Foundation\\Http\\Middleware\\ValidatePostSize->handle(Object(Illuminate\\Http\\Request), Object(Closure))
#55 D:\\For WEB\\Edraak Full Stack Web Development\\Final Project\\Grace\\vendor\\laravel\\framework\\src\\Illuminate\\Foundation\\Http\\Middleware\\PreventRequestsDuringMaintenance.php(86): Illuminate\\Pipeline\\Pipeline->Illuminate\\Pipeline\\{closure}(Object(Illuminate\\Http\\Request))
#56 D:\\For WEB\\Edraak Full Stack Web Development\\Final Project\\Grace\\vendor\\laravel\\framework\\src\\Illuminate\\Pipeline\\Pipeline.php(180): Illuminate\\Foundation\\Http\\Middleware\\PreventRequestsDuringMaintenance->handle(Object(Illuminate\\Http\\Request), Object(Closure))
#57 D:\\For WEB\\Edraak Full Stack Web Development\\Final Project\\Grace\\vendor\\laravel\\framework\\src\\Illuminate\\Http\\Middleware\\HandleCors.php(49): Illuminate\\Pipeline\\Pipeline->Illuminate\\Pipeline\\{closure}(Object(Illuminate\\Http\\Request))
#58 D:\\For WEB\\Edraak Full Stack Web Development\\Final Project\\Grace\\vendor\\laravel\\framework\\src\\Illuminate\\Pipeline\\Pipeline.php(180): Illuminate\\Http\\Middleware\\HandleCors->handle(Object(Illuminate\\Http\\Request), Object(Closure))
#59 D:\\For WEB\\Edraak Full Stack Web Development\\Final Project\\Grace\\vendor\\laravel\\framework\\src\\Illuminate\\Http\\Middleware\\TrustProxies.php(39): Illuminate\\Pipeline\\Pipeline->Illuminate\\Pipeline\\{closure}(Object(Illuminate\\Http\\Request))
#60 D:\\For WEB\\Edraak Full Stack Web Development\\Final Project\\Grace\\vendor\\laravel\\framework\\src\\Illuminate\\Pipeline\\Pipeline.php(180): Illuminate\\Http\\Middleware\\TrustProxies->handle(Object(Illuminate\\Http\\Request), Object(Closure))
#61 D:\\For WEB\\Edraak Full Stack Web Development\\Final Project\\Grace\\vendor\\laravel\\framework\\src\\Illuminate\\Http\\Middleware\\TrustHosts.php(48): Illuminate\\Pipeline\\Pipeline->Illuminate\\Pipeline\\{closure}(Object(Illuminate\\Http\\Request))
#62 D:\\For WEB\\Edraak Full Stack Web Development\\Final Project\\Grace\\vendor\\laravel\\framework\\src\\Illuminate\\Pipeline\\Pipeline.php(180): Illuminate\\Http\\Middleware\\TrustHosts->handle(Object(Illuminate\\Http\\Request), Object(Closure))
#63 D:\\For WEB\\Edraak Full Stack Web Development\\Final Project\\Grace\\vendor\\laravel\\framework\\src\\Illuminate\\Pipeline\\Pipeline.php(116): Illuminate\\Pipeline\\Pipeline->Illuminate\\Pipeline\\{closure}(Object(Illuminate\\Http\\Request))
#64 D:\\For WEB\\Edraak Full Stack Web Development\\Final Project\\Grace\\vendor\\laravel\\framework\\src\\Illuminate\\Foundation\\Http\\Kernel.php(165): Illuminate\\Pipeline\\Pipeline->then(Object(Closure))
#65 D:\\For WEB\\Edraak Full Stack Web Development\\Final Project\\Grace\\vendor\\laravel\\framework\\src\\Illuminate\\Foundation\\Http\\Kernel.php(134): Illuminate\\Foundation\\Http\\Kernel->sendRequestThroughRouter(Object(Illuminate\\Http\\Request))
#66 D:\\For WEB\\Edraak Full Stack Web Development\\Final Project\\Grace\\public\\index.php(51): Illuminate\\Foundation\\Http\\Kernel->handle(Object(Illuminate\\Http\\Request))
#67 D:\\For WEB\\Edraak Full Stack Web Development\\Final Project\\Grace\\vendor\\laravel\\framework\\src\\Illuminate\\Foundation\\resources\\server.php(16): require_once('D:\\\\For WEB\\\\Edra...')
#68 {main}

[previous exception] [object] (GuzzleHttp\\Exception\\ConnectException(code: 0): cURL error 6: Could not resolve host: api.remove.bg (see https://curl.haxx.se/libcurl/c/libcurl-errors.html) for https://api.remove.bg/v1.0/removebg at D:\\For WEB\\Edraak Full Stack Web Development\\Final Project\\Grace\\vendor\\guzzlehttp\\guzzle\\src\\Handler\\CurlFactory.php:277)
[stacktrace]
#0 D:\\For WEB\\Edraak Full Stack Web Development\\Final Project\\Grace\\vendor\\guzzlehttp\\guzzle\\src\\Handler\\CurlFactory.php(207): GuzzleHttp\\Handler\\CurlFactory::createRejection(Object(GuzzleHttp\\Handler\\EasyHandle), Array)
#1 D:\\For WEB\\Edraak Full Stack Web Development\\Final Project\\Grace\\vendor\\guzzlehttp\\guzzle\\src\\Handler\\CurlFactory.php(159): GuzzleHttp\\Handler\\CurlFactory::finishError(Object(GuzzleHttp\\Handler\\CurlHandler), Object(GuzzleHttp\\Handler\\EasyHandle), Object(GuzzleHttp\\Handler\\CurlFactory))
#2 D:\\For WEB\\Edraak Full Stack Web Development\\Final Project\\Grace\\vendor\\guzzlehttp\\guzzle\\src\\Handler\\CurlHandler.php(47): GuzzleHttp\\Handler\\CurlFactory::finish(Object(GuzzleHttp\\Handler\\CurlHandler), Object(GuzzleHttp\\Handler\\EasyHandle), Object(GuzzleHttp\\Handler\\CurlFactory))
#3 D:\\For WEB\\Edraak Full Stack Web Development\\Final Project\\Grace\\vendor\\guzzlehttp\\guzzle\\src\\Handler\\Proxy.php(28): GuzzleHttp\\Handler\\CurlHandler->__invoke(Object(GuzzleHttp\\Psr7\\Request), Array)
#4 D:\\For WEB\\Edraak Full Stack Web Development\\Final Project\\Grace\\vendor\\guzzlehttp\\guzzle\\src\\Handler\\Proxy.php(48): GuzzleHttp\\Handler\\Proxy::GuzzleHttp\\Handler\\{closure}(Object(GuzzleHttp\\Psr7\\Request), Array)
#5 D:\\For WEB\\Edraak Full Stack Web Development\\Final Project\\Grace\\vendor\\laravel\\framework\\src\\Illuminate\\Http\\Client\\PendingRequest.php(1150): GuzzleHttp\\Handler\\Proxy::GuzzleHttp\\Handler\\{closure}(Object(GuzzleHttp\\Psr7\\Request), Array)
#6 D:\\For WEB\\Edraak Full Stack Web Development\\Final Project\\Grace\\vendor\\laravel\\framework\\src\\Illuminate\\Http\\Client\\PendingRequest.php(1116): Illuminate\\Http\\Client\\PendingRequest->Illuminate\\Http\\Client\\{closure}(Object(GuzzleHttp\\Psr7\\Request), Array)
#7 D:\\For WEB\\Edraak Full Stack Web Development\\Final Project\\Grace\\vendor\\laravel\\framework\\src\\Illuminate\\Http\\Client\\PendingRequest.php(1102): Illuminate\\Http\\Client\\PendingRequest->Illuminate\\Http\\Client\\{closure}(Object(GuzzleHttp\\Psr7\\Request), Array)
#8 D:\\For WEB\\Edraak Full Stack Web Development\\Final Project\\Grace\\vendor\\guzzlehttp\\guzzle\\src\\PrepareBodyMiddleware.php(64): Illuminate\\Http\\Client\\PendingRequest->Illuminate\\Http\\Client\\{closure}(Object(GuzzleHttp\\Psr7\\Request), Array)
#9 D:\\For WEB\\Edraak Full Stack Web Development\\Final Project\\Grace\\vendor\\guzzlehttp\\guzzle\\src\\Middleware.php(38): GuzzleHttp\\PrepareBodyMiddleware->__invoke(Object(GuzzleHttp\\Psr7\\Request), Array)
#10 D:\\For WEB\\Edraak Full Stack Web Development\\Final Project\\Grace\\vendor\\guzzlehttp\\guzzle\\src\\RedirectMiddleware.php(71): GuzzleHttp\\Middleware::GuzzleHttp\\{closure}(Object(GuzzleHttp\\Psr7\\Request), Array)
#11 D:\\For WEB\\Edraak Full Stack Web Development\\Final Project\\Grace\\vendor\\guzzlehttp\\guzzle\\src\\Middleware.php(63): GuzzleHttp\\RedirectMiddleware->__invoke(Object(GuzzleHttp\\Psr7\\Request), Array)
#12 D:\\For WEB\\Edraak Full Stack Web Development\\Final Project\\Grace\\vendor\\guzzlehttp\\guzzle\\src\\HandlerStack.php(75): GuzzleHttp\\Middleware::GuzzleHttp\\{closure}(Object(GuzzleHttp\\Psr7\\Request), Array)
#13 D:\\For WEB\\Edraak Full Stack Web Development\\Final Project\\Grace\\vendor\\guzzlehttp\\guzzle\\src\\Client.php(333): GuzzleHttp\\HandlerStack->__invoke(Object(GuzzleHttp\\Psr7\\Request), Array)
#14 D:\\For WEB\\Edraak Full Stack Web Development\\Final Project\\Grace\\vendor\\guzzlehttp\\guzzle\\src\\Client.php(169): GuzzleHttp\\Client->transfer(Object(GuzzleHttp\\Psr7\\Request), Array)
#15 D:\\For WEB\\Edraak Full Stack Web Development\\Final Project\\Grace\\vendor\\guzzlehttp\\guzzle\\src\\Client.php(189): GuzzleHttp\\Client->requestAsync('POST', Object(GuzzleHttp\\Psr7\\Uri), Array)
#16 D:\\For WEB\\Edraak Full Stack Web Development\\Final Project\\Grace\\vendor\\laravel\\framework\\src\\Illuminate\\Http\\Client\\PendingRequest.php(961): GuzzleHttp\\Client->request('POST', 'https://api.rem...', Array)
#17 D:\\For WEB\\Edraak Full Stack Web Development\\Final Project\\Grace\\vendor\\laravel\\framework\\src\\Illuminate\\Http\\Client\\PendingRequest.php(823): Illuminate\\Http\\Client\\PendingRequest->sendRequest('POST', 'https://api.rem...', Array)
#18 D:\\For WEB\\Edraak Full Stack Web Development\\Final Project\\Grace\\vendor\\laravel\\framework\\src\\Illuminate\\Support\\helpers.php(260): Illuminate\\Http\\Client\\PendingRequest->Illuminate\\Http\\Client\\{closure}(1)
#19 D:\\For WEB\\Edraak Full Stack Web Development\\Final Project\\Grace\\vendor\\laravel\\framework\\src\\Illuminate\\Http\\Client\\PendingRequest.php(821): retry(0, Object(Closure), 100, Object(Closure))
#20 D:\\For WEB\\Edraak Full Stack Web Development\\Final Project\\Grace\\vendor\\laravel\\framework\\src\\Illuminate\\Http\\Client\\PendingRequest.php(727): Illuminate\\Http\\Client\\PendingRequest->send('POST', 'https://api.rem...', Array)
#21 D:\\For WEB\\Edraak Full Stack Web Development\\Final Project\\Grace\\app\\Helpers\\Helpers.php(335): Illuminate\\Http\\Client\\PendingRequest->post('https://api.rem...', Array)
#22 D:\\For WEB\\Edraak Full Stack Web Development\\Final Project\\Grace\\app\\Helpers\\Helpers.php(382): storeImageWithoutBackground(Object(Illuminate\\Http\\UploadedFile), 'public/images/p...')
#23 D:\\For WEB\\Edraak Full Stack Web Development\\Final Project\\Grace\\app\\Services\\ProductService.php(207): storeOrUpdateImage('main_image', Object(App\\Models\\Product), NULL, Object(Illuminate\\Http\\UploadedFile), 'on')
#24 D:\\For WEB\\Edraak Full Stack Web Development\\Final Project\\Grace\\app\\Services\\ProductService.php(101): App\\Services\\ProductService->createOrUpdateCollection(Object(App\\Http\\Requests\\ProductRequest), Array)
#25 D:\\For WEB\\Edraak Full Stack Web Development\\Final Project\\Grace\\app\\Http\\Controllers\\ProductController.php(63): App\\Services\\ProductService->createOrUpdateProduct('add')
#26 D:\\For WEB\\Edraak Full Stack Web Development\\Final Project\\Grace\\vendor\\laravel\\framework\\src\\Illuminate\\Routing\\Controller.php(54): App\\Http\\Controllers\\ProductController->storeOrUpdate('add')
#27 D:\\For WEB\\Edraak Full Stack Web Development\\Final Project\\Grace\\vendor\\laravel\\framework\\src\\Illuminate\\Routing\\ControllerDispatcher.php(43): Illuminate\\Routing\\Controller->callAction('storeOrUpdate', Array)
#28 D:\\For WEB\\Edraak Full Stack Web Development\\Final Project\\Grace\\vendor\\laravel\\framework\\src\\Illuminate\\Routing\\Route.php(259): Illuminate\\Routing\\ControllerDispatcher->dispatch(Object(Illuminate\\Routing\\Route), Object(App\\Http\\Controllers\\ProductController), 'storeOrUpdate')
#29 D:\\For WEB\\Edraak Full Stack Web Development\\Final Project\\Grace\\vendor\\laravel\\framework\\src\\Illuminate\\Routing\\Route.php(205): Illuminate\\Routing\\Route->runController()
#30 D:\\For WEB\\Edraak Full Stack Web Development\\Final Project\\Grace\\vendor\\laravel\\framework\\src\\Illuminate\\Routing\\Router.php(798): Illuminate\\Routing\\Route->run()
#31 D:\\For WEB\\Edraak Full Stack Web Development\\Final Project\\Grace\\vendor\\laravel\\framework\\src\\Illuminate\\Pipeline\\Pipeline.php(141): Illuminate\\Routing\\Router->Illuminate\\Routing\\{closure}(Object(Illuminate\\Http\\Request))
#32 D:\\For WEB\\Edraak Full Stack Web Development\\Final Project\\Grace\\app\\Http\\Middleware\\Admin.php(25): Illuminate\\Pipeline\\Pipeline->Illuminate\\Pipeline\\{closure}(Object(Illuminate\\Http\\Request))
#33 D:\\For WEB\\Edraak Full Stack Web Development\\Final Project\\Grace\\vendor\\laravel\\framework\\src\\Illuminate\\Pipeline\\Pipeline.php(180): App\\Http\\Middleware\\Admin->handle(Object(Illuminate\\Http\\Request), Object(Closure))
#34 D:\\For WEB\\Edraak Full Stack Web Development\\Final Project\\Grace\\app\\Http\\Middleware\\UserActivity.php(31): Illuminate\\Pipeline\\Pipeline->Illuminate\\Pipeline\\{closure}(Object(Illuminate\\Http\\Request))
#35 D:\\For WEB\\Edraak Full Stack Web Development\\Final Project\\Grace\\vendor\\laravel\\framework\\src\\Illuminate\\Pipeline\\Pipeline.php(180): App\\Http\\Middleware\\UserActivity->handle(Object(Illuminate\\Http\\Request), Object(Closure))
#36 D:\\For WEB\\Edraak Full Stack Web Development\\Final Project\\Grace\\vendor\\laravel\\framework\\src\\Illuminate\\Routing\\Middleware\\SubstituteBindings.php(50): Illuminate\\Pipeline\\Pipeline->Illuminate\\Pipeline\\{closure}(Object(Illuminate\\Http\\Request))
#37 D:\\For WEB\\Edraak Full Stack Web Development\\Final Project\\Grace\\vendor\\laravel\\framework\\src\\Illuminate\\Pipeline\\Pipeline.php(180): Illuminate\\Routing\\Middleware\\SubstituteBindings->handle(Object(Illuminate\\Http\\Request), Object(Closure))
#38 D:\\For WEB\\Edraak Full Stack Web Development\\Final Project\\Grace\\vendor\\laravel\\framework\\src\\Illuminate\\Foundation\\Http\\Middleware\\VerifyCsrfToken.php(78): Illuminate\\Pipeline\\Pipeline->Illuminate\\Pipeline\\{closure}(Object(Illuminate\\Http\\Request))
#39 D:\\For WEB\\Edraak Full Stack Web Development\\Final Project\\Grace\\vendor\\laravel\\framework\\src\\Illuminate\\Pipeline\\Pipeline.php(180): Illuminate\\Foundation\\Http\\Middleware\\VerifyCsrfToken->handle(Object(Illuminate\\Http\\Request), Object(Closure))
#40 D:\\For WEB\\Edraak Full Stack Web Development\\Final Project\\Grace\\vendor\\laravel\\framework\\src\\Illuminate\\Cookie\\Middleware\\AddQueuedCookiesToResponse.php(37): Illuminate\\Pipeline\\Pipeline->Illuminate\\Pipeline\\{closure}(Object(Illuminate\\Http\\Request))
#41 D:\\For WEB\\Edraak Full Stack Web Development\\Final Project\\Grace\\vendor\\laravel\\framework\\src\\Illuminate\\Pipeline\\Pipeline.php(180): Illuminate\\Cookie\\Middleware\\AddQueuedCookiesToResponse->handle(Object(Illuminate\\Http\\Request), Object(Closure))
#42 D:\\For WEB\\Edraak Full Stack Web Development\\Final Project\\Grace\\vendor\\laravel\\framework\\src\\Illuminate\\Cookie\\Middleware\\EncryptCookies.php(67): Illuminate\\Pipeline\\Pipeline->Illuminate\\Pipeline\\{closure}(Object(Illuminate\\Http\\Request))
#43 D:\\For WEB\\Edraak Full Stack Web Development\\Final Project\\Grace\\vendor\\laravel\\framework\\src\\Illuminate\\Pipeline\\Pipeline.php(180): Illuminate\\Cookie\\Middleware\\EncryptCookies->handle(Object(Illuminate\\Http\\Request), Object(Closure))
#44 D:\\For WEB\\Edraak Full Stack Web Development\\Final Project\\Grace\\vendor\\laravel\\framework\\src\\Illuminate\\Routing\\Middleware\\ThrottleRequests.php(126): Illuminate\\Pipeline\\Pipeline->Illuminate\\Pipeline\\{closure}(Object(Illuminate\\Http\\Request))
#45 D:\\For WEB\\Edraak Full Stack Web Development\\Final Project\\Grace\\vendor\\laravel\\framework\\src\\Illuminate\\Routing\\Middleware\\ThrottleRequests.php(57): Illuminate\\Routing\\Middleware\\ThrottleRequests->handleRequest(Object(Illuminate\\Http\\Request), Object(Closure), Array)
#46 D:\\For WEB\\Edraak Full Stack Web Development\\Final Project\\Grace\\vendor\\laravel\\framework\\src\\Illuminate\\Pipeline\\Pipeline.php(180): Illuminate\\Routing\\Middleware\\ThrottleRequests->handle(Object(Illuminate\\Http\\Request), Object(Closure), '60', '1')
#47 D:\\For WEB\\Edraak Full Stack Web Development\\Final Project\\Grace\\vendor\\laravel\\framework\\src\\Illuminate\\Auth\\Middleware\\Authenticate.php(44): Illuminate\\Pipeline\\Pipeline->Illuminate\\Pipeline\\{closure}(Object(Illuminate\\Http\\Request))
#48 D:\\For WEB\\Edraak Full Stack Web Development\\Final Project\\Grace\\vendor\\laravel\\framework\\src\\Illuminate\\Pipeline\\Pipeline.php(180): Illuminate\\Auth\\Middleware\\Authenticate->handle(Object(Illuminate\\Http\\Request), Object(Closure))
#49 D:\\For WEB\\Edraak Full Stack Web Development\\Final Project\\Grace\\vendor\\laravel\\framework\\src\\Illuminate\\View\\Middleware\\ShareErrorsFromSession.php(49): Illuminate\\Pipeline\\Pipeline->Illuminate\\Pipeline\\{closure}(Object(Illuminate\\Http\\Request))
#50 D:\\For WEB\\Edraak Full Stack Web Development\\Final Project\\Grace\\vendor\\laravel\\framework\\src\\Illuminate\\Pipeline\\Pipeline.php(180): Illuminate\\View\\Middleware\\ShareErrorsFromSession->handle(Object(Illuminate\\Http\\Request), Object(Closure))
#51 D:\\For WEB\\Edraak Full Stack Web Development\\Final Project\\Grace\\vendor\\laravel\\framework\\src\\Illuminate\\Session\\Middleware\\StartSession.php(121): Illuminate\\Pipeline\\Pipeline->Illuminate\\Pipeline\\{closure}(Object(Illuminate\\Http\\Request))
#52 D:\\For WEB\\Edraak Full Stack Web Development\\Final Project\\Grace\\vendor\\laravel\\framework\\src\\Illuminate\\Session\\Middleware\\StartSession.php(64): Illuminate\\Session\\Middleware\\StartSession->handleStatefulRequest(Object(Illuminate\\Http\\Request), Object(Illuminate\\Session\\Store), Object(Closure))
#53 D:\\For WEB\\Edraak Full Stack Web Development\\Final Project\\Grace\\vendor\\laravel\\framework\\src\\Illuminate\\Pipeline\\Pipeline.php(180): Illuminate\\Session\\Middleware\\StartSession->handle(Object(Illuminate\\Http\\Request), Object(Closure))
#54 D:\\For WEB\\Edraak Full Stack Web Development\\Final Project\\Grace\\vendor\\laravel\\framework\\src\\Illuminate\\Pipeline\\Pipeline.php(116): Illuminate\\Pipeline\\Pipeline->Illuminate\\Pipeline\\{closure}(Object(Illuminate\\Http\\Request))
#55 D:\\For WEB\\Edraak Full Stack Web Development\\Final Project\\Grace\\vendor\\laravel\\framework\\src\\Illuminate\\Routing\\Router.php(797): Illuminate\\Pipeline\\Pipeline->then(Object(Closure))
#56 D:\\For WEB\\Edraak Full Stack Web Development\\Final Project\\Grace\\vendor\\laravel\\framework\\src\\Illuminate\\Routing\\Router.php(776): Illuminate\\Routing\\Router->runRouteWithinStack(Object(Illuminate\\Routing\\Route), Object(Illuminate\\Http\\Request))
#57 D:\\For WEB\\Edraak Full Stack Web Development\\Final Project\\Grace\\vendor\\laravel\\framework\\src\\Illuminate\\Routing\\Router.php(740): Illuminate\\Routing\\Router->runRoute(Object(Illuminate\\Http\\Request), Object(Illuminate\\Routing\\Route))
#58 D:\\For WEB\\Edraak Full Stack Web Development\\Final Project\\Grace\\vendor\\laravel\\framework\\src\\Illuminate\\Routing\\Router.php(729): Illuminate\\Routing\\Router->dispatchToRoute(Object(Illuminate\\Http\\Request))
#59 D:\\For WEB\\Edraak Full Stack Web Development\\Final Project\\Grace\\vendor\\laravel\\framework\\src\\Illuminate\\Foundation\\Http\\Kernel.php(190): Illuminate\\Routing\\Router->dispatch(Object(Illuminate\\Http\\Request))
#60 D:\\For WEB\\Edraak Full Stack Web Development\\Final Project\\Grace\\vendor\\laravel\\framework\\src\\Illuminate\\Pipeline\\Pipeline.php(141): Illuminate\\Foundation\\Http\\Kernel->Illuminate\\Foundation\\Http\\{closure}(Object(Illuminate\\Http\\Request))
#61 D:\\For WEB\\Edraak Full Stack Web Development\\Final Project\\Grace\\app\\Http\\Middleware\\ErrorSessionStart.php(26): Illuminate\\Pipeline\\Pipeline->Illuminate\\Pipeline\\{closure}(Object(Illuminate\\Http\\Request))
#62 D:\\For WEB\\Edraak Full Stack Web Development\\Final Project\\Grace\\vendor\\laravel\\framework\\src\\Illuminate\\Pipeline\\Pipeline.php(180): App\\Http\\Middleware\\ErrorSessionStart->handle(Object(Illuminate\\Http\\Request), Object(Closure))
#63 D:\\For WEB\\Edraak Full Stack Web Development\\Final Project\\Grace\\app\\Http\\Middleware\\SecurityHeadersPolicy.php(24): Illuminate\\Pipeline\\Pipeline->Illuminate\\Pipeline\\{closure}(Object(Illuminate\\Http\\Request))
#64 D:\\For WEB\\Edraak Full Stack Web Development\\Final Project\\Grace\\vendor\\laravel\\framework\\src\\Illuminate\\Pipeline\\Pipeline.php(180): App\\Http\\Middleware\\SecurityHeadersPolicy->handle(Object(Illuminate\\Http\\Request), Object(Closure))
#65 D:\\For WEB\\Edraak Full Stack Web Development\\Final Project\\Grace\\vendor\\laravel\\framework\\src\\Illuminate\\Foundation\\Http\\Middleware\\TransformsRequest.php(21): Illuminate\\Pipeline\\Pipeline->Illuminate\\Pipeline\\{closure}(Object(Illuminate\\Http\\Request))
#66 D:\\For WEB\\Edraak Full Stack Web Development\\Final Project\\Grace\\vendor\\laravel\\framework\\src\\Illuminate\\Foundation\\Http\\Middleware\\ConvertEmptyStringsToNull.php(31): Illuminate\\Foundation\\Http\\Middleware\\TransformsRequest->handle(Object(Illuminate\\Http\\Request), Object(Closure))
#67 D:\\For WEB\\Edraak Full Stack Web Development\\Final Project\\Grace\\vendor\\laravel\\framework\\src\\Illuminate\\Pipeline\\Pipeline.php(180): Illuminate\\Foundation\\Http\\Middleware\\ConvertEmptyStringsToNull->handle(Object(Illuminate\\Http\\Request), Object(Closure))
#68 D:\\For WEB\\Edraak Full Stack Web Development\\Final Project\\Grace\\vendor\\laravel\\framework\\src\\Illuminate\\Foundation\\Http\\Middleware\\TransformsRequest.php(21): Illuminate\\Pipeline\\Pipeline->Illuminate\\Pipeline\\{closure}(Object(Illuminate\\Http\\Request))
#69 D:\\For WEB\\Edraak Full Stack Web Development\\Final Project\\Grace\\vendor\\laravel\\framework\\src\\Illuminate\\Foundation\\Http\\Middleware\\TrimStrings.php(40): Illuminate\\Foundation\\Http\\Middleware\\TransformsRequest->handle(Object(Illuminate\\Http\\Request), Object(Closure))
#70 D:\\For WEB\\Edraak Full Stack Web Development\\Final Project\\Grace\\vendor\\laravel\\framework\\src\\Illuminate\\Pipeline\\Pipeline.php(180): Illuminate\\Foundation\\Http\\Middleware\\TrimStrings->handle(Object(Illuminate\\Http\\Request), Object(Closure))
#71 D:\\For WEB\\Edraak Full Stack Web Development\\Final Project\\Grace\\vendor\\laravel\\framework\\src\\Illuminate\\Foundation\\Http\\Middleware\\ValidatePostSize.php(27): Illuminate\\Pipeline\\Pipeline->Illuminate\\Pipeline\\{closure}(Object(Illuminate\\Http\\Request))
#72 D:\\For WEB\\Edraak Full Stack Web Development\\Final Project\\Grace\\vendor\\laravel\\framework\\src\\Illuminate\\Pipeline\\Pipeline.php(180): Illuminate\\Foundation\\Http\\Middleware\\ValidatePostSize->handle(Object(Illuminate\\Http\\Request), Object(Closure))
#73 D:\\For WEB\\Edraak Full Stack Web Development\\Final Project\\Grace\\vendor\\laravel\\framework\\src\\Illuminate\\Foundation\\Http\\Middleware\\PreventRequestsDuringMaintenance.php(86): Illuminate\\Pipeline\\Pipeline->Illuminate\\Pipeline\\{closure}(Object(Illuminate\\Http\\Request))
#74 D:\\For WEB\\Edraak Full Stack Web Development\\Final Project\\Grace\\vendor\\laravel\\framework\\src\\Illuminate\\Pipeline\\Pipeline.php(180): Illuminate\\Foundation\\Http\\Middleware\\PreventRequestsDuringMaintenance->handle(Object(Illuminate\\Http\\Request), Object(Closure))
#75 D:\\For WEB\\Edraak Full Stack Web Development\\Final Project\\Grace\\vendor\\laravel\\framework\\src\\Illuminate\\Http\\Middleware\\HandleCors.php(49): Illuminate\\Pipeline\\Pipeline->Illuminate\\Pipeline\\{closure}(Object(Illuminate\\Http\\Request))
#76 D:\\For WEB\\Edraak Full Stack Web Development\\Final Project\\Grace\\vendor\\laravel\\framework\\src\\Illuminate\\Pipeline\\Pipeline.php(180): Illuminate\\Http\\Middleware\\HandleCors->handle(Object(Illuminate\\Http\\Request), Object(Closure))
#77 D:\\For WEB\\Edraak Full Stack Web Development\\Final Project\\Grace\\vendor\\laravel\\framework\\src\\Illuminate\\Http\\Middleware\\TrustProxies.php(39): Illuminate\\Pipeline\\Pipeline->Illuminate\\Pipeline\\{closure}(Object(Illuminate\\Http\\Request))
#78 D:\\For WEB\\Edraak Full Stack Web Development\\Final Project\\Grace\\vendor\\laravel\\framework\\src\\Illuminate\\Pipeline\\Pipeline.php(180): Illuminate\\Http\\Middleware\\TrustProxies->handle(Object(Illuminate\\Http\\Request), Object(Closure))
#79 D:\\For WEB\\Edraak Full Stack Web Development\\Final Project\\Grace\\vendor\\laravel\\framework\\src\\Illuminate\\Http\\Middleware\\TrustHosts.php(48): Illuminate\\Pipeline\\Pipeline->Illuminate\\Pipeline\\{closure}(Object(Illuminate\\Http\\Request))
#80 D:\\For WEB\\Edraak Full Stack Web Development\\Final Project\\Grace\\vendor\\laravel\\framework\\src\\Illuminate\\Pipeline\\Pipeline.php(180): Illuminate\\Http\\Middleware\\TrustHosts->handle(Object(Illuminate\\Http\\Request), Object(Closure))
#81 D:\\For WEB\\Edraak Full Stack Web Development\\Final Project\\Grace\\vendor\\laravel\\framework\\src\\Illuminate\\Pipeline\\Pipeline.php(116): Illuminate\\Pipeline\\Pipeline->Illuminate\\Pipeline\\{closure}(Object(Illuminate\\Http\\Request))
#82 D:\\For WEB\\Edraak Full Stack Web Development\\Final Project\\Grace\\vendor\\laravel\\framework\\src\\Illuminate\\Foundation\\Http\\Kernel.php(165): Illuminate\\Pipeline\\Pipeline->then(Object(Closure))
#83 D:\\For WEB\\Edraak Full Stack Web Development\\Final Project\\Grace\\vendor\\laravel\\framework\\src\\Illuminate\\Foundation\\Http\\Kernel.php(134): Illuminate\\Foundation\\Http\\Kernel->sendRequestThroughRouter(Object(Illuminate\\Http\\Request))
#84 D:\\For WEB\\Edraak Full Stack Web Development\\Final Project\\Grace\\public\\index.php(51): Illuminate\\Foundation\\Http\\Kernel->handle(Object(Illuminate\\Http\\Request))
#85 D:\\For WEB\\Edraak Full Stack Web Development\\Final Project\\Grace\\vendor\\laravel\\framework\\src\\Illuminate\\Foundation\\resources\\server.php(16): require_once('D:\\\\For WEB\\\\Edra...')
#86 {main}
"} 
[2026-07-07 13:12:58] local.ERROR: cURL error 6: Could not resolve host: api.remove.bg (see https://curl.haxx.se/libcurl/c/libcurl-errors.html) for https://api.remove.bg/v1.0/removebg {"userId":1,"exception":"[object] (Illuminate\\Http\\Client\\ConnectionException(code: 0): cURL error 6: Could not resolve host: api.remove.bg (see https://curl.haxx.se/libcurl/c/libcurl-errors.html) for https://api.remove.bg/v1.0/removebg at D:\\For WEB\\Edraak Full Stack Web Development\\Final Project\\Grace\\vendor\\laravel\\framework\\src\\Illuminate\\Http\\Client\\PendingRequest.php:855)
[stacktrace]
#0 D:\\For WEB\\Edraak Full Stack Web Development\\Final Project\\Grace\\vendor\\laravel\\framework\\src\\Illuminate\\Support\\helpers.php(260): Illuminate\\Http\\Client\\PendingRequest->Illuminate\\Http\\Client\\{closure}(1)
#1 D:\\For WEB\\Edraak Full Stack Web Development\\Final Project\\Grace\\vendor\\laravel\\framework\\src\\Illuminate\\Http\\Client\\PendingRequest.php(821): retry(0, Object(Closure), 100, Object(Closure))
#2 D:\\For WEB\\Edraak Full Stack Web Development\\Final Project\\Grace\\vendor\\laravel\\framework\\src\\Illuminate\\Http\\Client\\PendingRequest.php(727): Illuminate\\Http\\Client\\PendingRequest->send('POST', 'https://api.rem...', Array)
#3 D:\\For WEB\\Edraak Full Stack Web Development\\Final Project\\Grace\\app\\Helpers\\Helpers.php(335): Illuminate\\Http\\Client\\PendingRequest->post('https://api.rem...', Array)
#4 D:\\For WEB\\Edraak Full Stack Web Development\\Final Project\\Grace\\app\\Helpers\\Helpers.php(382): storeImageWithoutBackground(Object(Illuminate\\Http\\UploadedFile), 'public/images/p...')
#5 D:\\For WEB\\Edraak Full Stack Web Development\\Final Project\\Grace\\app\\Services\\ProductService.php(207): storeOrUpdateImage('main_image', Object(App\\Models\\Product), NULL, Object(Illuminate\\Http\\UploadedFile), 'on')
#6 D:\\For WEB\\Edraak Full Stack Web Development\\Final Project\\Grace\\app\\Services\\ProductService.php(101): App\\Services\\ProductService->createOrUpdateCollection(Object(App\\Http\\Requests\\ProductRequest), Array)
#7 D:\\For WEB\\Edraak Full Stack Web Development\\Final Project\\Grace\\app\\Http\\Controllers\\ProductController.php(63): App\\Services\\ProductService->createOrUpdateProduct('add')
#8 D:\\For WEB\\Edraak Full Stack Web Development\\Final Project\\Grace\\vendor\\laravel\\framework\\src\\Illuminate\\Routing\\Controller.php(54): App\\Http\\Controllers\\ProductController->storeOrUpdate('add')
#9 D:\\For WEB\\Edraak Full Stack Web Development\\Final Project\\Grace\\vendor\\laravel\\framework\\src\\Illuminate\\Routing\\ControllerDispatcher.php(43): Illuminate\\Routing\\Controller->callAction('storeOrUpdate', Array)
#10 D:\\For WEB\\Edraak Full Stack Web Development\\Final Project\\Grace\\vendor\\laravel\\framework\\src\\Illuminate\\Routing\\Route.php(259): Illuminate\\Routing\\ControllerDispatcher->dispatch(Object(Illuminate\\Routing\\Route), Object(App\\Http\\Controllers\\ProductController), 'storeOrUpdate')
#11 D:\\For WEB\\Edraak Full Stack Web Development\\Final Project\\Grace\\vendor\\laravel\\framework\\src\\Illuminate\\Routing\\Route.php(205): Illuminate\\Routing\\Route->runController()
#12 D:\\For WEB\\Edraak Full Stack Web Development\\Final Project\\Grace\\vendor\\laravel\\framework\\src\\Illuminate\\Routing\\Router.php(798): Illuminate\\Routing\\Route->run()
#13 D:\\For WEB\\Edraak Full Stack Web Development\\Final Project\\Grace\\vendor\\laravel\\framework\\src\\Illuminate\\Pipeline\\Pipeline.php(141): Illuminate\\Routing\\Router->Illuminate\\Routing\\{closure}(Object(Illuminate\\Http\\Request))
#14 D:\\For WEB\\Edraak Full Stack Web Development\\Final Project\\Grace\\app\\Http\\Middleware\\Admin.php(25): Illuminate\\Pipeline\\Pipeline->Illuminate\\Pipeline\\{closure}(Object(Illuminate\\Http\\Request))
#15 D:\\For WEB\\Edraak Full Stack Web Development\\Final Project\\Grace\\vendor\\laravel\\framework\\src\\Illuminate\\Pipeline\\Pipeline.php(180): App\\Http\\Middleware\\Admin->handle(Object(Illuminate\\Http\\Request), Object(Closure))
#16 D:\\For WEB\\Edraak Full Stack Web Development\\Final Project\\Grace\\app\\Http\\Middleware\\UserActivity.php(31): Illuminate\\Pipeline\\Pipeline->Illuminate\\Pipeline\\{closure}(Object(Illuminate\\Http\\Request))
#17 D:\\For WEB\\Edraak Full Stack Web Development\\Final Project\\Grace\\vendor\\laravel\\framework\\src\\Illuminate\\Pipeline\\Pipeline.php(180): App\\Http\\Middleware\\UserActivity->handle(Object(Illuminate\\Http\\Request), Object(Closure))
#18 D:\\For WEB\\Edraak Full Stack Web Development\\Final Project\\Grace\\vendor\\laravel\\framework\\src\\Illuminate\\Routing\\Middleware\\SubstituteBindings.php(50): Illuminate\\Pipeline\\Pipeline->Illuminate\\Pipeline\\{closure}(Object(Illuminate\\Http\\Request))
#19 D:\\For WEB\\Edraak Full Stack Web Development\\Final Project\\Grace\\vendor\\laravel\\framework\\src\\Illuminate\\Pipeline\\Pipeline.php(180): Illuminate\\Routing\\Middleware\\SubstituteBindings->handle(Object(Illuminate\\Http\\Request), Object(Closure))
#20 D:\\For WEB\\Edraak Full Stack Web Development\\Final Project\\Grace\\vendor\\laravel\\framework\\src\\Illuminate\\Foundation\\Http\\Middleware\\VerifyCsrfToken.php(78): Illuminate\\Pipeline\\Pipeline->Illuminate\\Pipeline\\{closure}(Object(Illuminate\\Http\\Request))
#21 D:\\For WEB\\Edraak Full Stack Web Development\\Final Project\\Grace\\vendor\\laravel\\framework\\src\\Illuminate\\Pipeline\\Pipeline.php(180): Illuminate\\Foundation\\Http\\Middleware\\VerifyCsrfToken->handle(Object(Illuminate\\Http\\Request), Object(Closure))
#22 D:\\For WEB\\Edraak Full Stack Web Development\\Final Project\\Grace\\vendor\\laravel\\framework\\src\\Illuminate\\Cookie\\Middleware\\AddQueuedCookiesToResponse.php(37): Illuminate\\Pipeline\\Pipeline->Illuminate\\Pipeline\\{closure}(Object(Illuminate\\Http\\Request))
#23 D:\\For WEB\\Edraak Full Stack Web Development\\Final Project\\Grace\\vendor\\laravel\\framework\\src\\Illuminate\\Pipeline\\Pipeline.php(180): Illuminate\\Cookie\\Middleware\\AddQueuedCookiesToResponse->handle(Object(Illuminate\\Http\\Request), Object(Closure))
#24 D:\\For WEB\\Edraak Full Stack Web Development\\Final Project\\Grace\\vendor\\laravel\\framework\\src\\Illuminate\\Cookie\\Middleware\\EncryptCookies.php(67): Illuminate\\Pipeline\\Pipeline->Illuminate\\Pipeline\\{closure}(Object(Illuminate\\Http\\Request))
#25 D:\\For WEB\\Edraak Full Stack Web Development\\Final Project\\Grace\\vendor\\laravel\\framework\\src\\Illuminate\\Pipeline\\Pipeline.php(180): Illuminate\\Cookie\\Middleware\\EncryptCookies->handle(Object(Illuminate\\Http\\Request), Object(Closure))
#26 D:\\For WEB\\Edraak Full Stack Web Development\\Final Project\\Grace\\vendor\\laravel\\framework\\src\\Illuminate\\Routing\\Middleware\\ThrottleRequests.php(126): Illuminate\\Pipeline\\Pipeline->Illuminate\\Pipeline\\{closure}(Object(Illuminate\\Http\\Request))
#27 D:\\For WEB\\Edraak Full Stack Web Development\\Final Project\\Grace\\vendor\\laravel\\framework\\src\\Illuminate\\Routing\\Middleware\\ThrottleRequests.php(57): Illuminate\\Routing\\Middleware\\ThrottleRequests->handleRequest(Object(Illuminate\\Http\\Request), Object(Closure), Array)
#28 D:\\For WEB\\Edraak Full Stack Web Development\\Final Project\\Grace\\vendor\\laravel\\framework\\src\\Illuminate\\Pipeline\\Pipeline.php(180): Illuminate\\Routing\\Middleware\\ThrottleRequests->handle(Object(Illuminate\\Http\\Request), Object(Closure), '60', '1')
#29 D:\\For WEB\\Edraak Full Stack Web Development\\Final Project\\Grace\\vendor\\laravel\\framework\\src\\Illuminate\\Auth\\Middleware\\Authenticate.php(44): Illuminate\\Pipeline\\Pipeline->Illuminate\\Pipeline\\{closure}(Object(Illuminate\\Http\\Request))
#30 D:\\For WEB\\Edraak Full Stack Web Development\\Final Project\\Grace\\vendor\\laravel\\framework\\src\\Illuminate\\Pipeline\\Pipeline.php(180): Illuminate\\Auth\\Middleware\\Authenticate->handle(Object(Illuminate\\Http\\Request), Object(Closure))
#31 D:\\For WEB\\Edraak Full Stack Web Development\\Final Project\\Grace\\vendor\\laravel\\framework\\src\\Illuminate\\View\\Middleware\\ShareErrorsFromSession.php(49): Illuminate\\Pipeline\\Pipeline->Illuminate\\Pipeline\\{closure}(Object(Illuminate\\Http\\Request))
#32 D:\\For WEB\\Edraak Full Stack Web Development\\Final Project\\Grace\\vendor\\laravel\\framework\\src\\Illuminate\\Pipeline\\Pipeline.php(180): Illuminate\\View\\Middleware\\ShareErrorsFromSession->handle(Object(Illuminate\\Http\\Request), Object(Closure))
#33 D:\\For WEB\\Edraak Full Stack Web Development\\Final Project\\Grace\\vendor\\laravel\\framework\\src\\Illuminate\\Session\\Middleware\\StartSession.php(121): Illuminate\\Pipeline\\Pipeline->Illuminate\\Pipeline\\{closure}(Object(Illuminate\\Http\\Request))
#34 D:\\For WEB\\Edraak Full Stack Web Development\\Final Project\\Grace\\vendor\\laravel\\framework\\src\\Illuminate\\Session\\Middleware\\StartSession.php(64): Illuminate\\Session\\Middleware\\StartSession->handleStatefulRequest(Object(Illuminate\\Http\\Request), Object(Illuminate\\Session\\Store), Object(Closure))
#35 D:\\For WEB\\Edraak Full Stack Web Development\\Final Project\\Grace\\vendor\\laravel\\framework\\src\\Illuminate\\Pipeline\\Pipeline.php(180): Illuminate\\Session\\Middleware\\StartSession->handle(Object(Illuminate\\Http\\Request), Object(Closure))
#36 D:\\For WEB\\Edraak Full Stack Web Development\\Final Project\\Grace\\vendor\\laravel\\framework\\src\\Illuminate\\Pipeline\\Pipeline.php(116): Illuminate\\Pipeline\\Pipeline->Illuminate\\Pipeline\\{closure}(Object(Illuminate\\Http\\Request))
#37 D:\\For WEB\\Edraak Full Stack Web Development\\Final Project\\Grace\\vendor\\laravel\\framework\\src\\Illuminate\\Routing\\Router.php(797): Illuminate\\Pipeline\\Pipeline->then(Object(Closure))
#38 D:\\For WEB\\Edraak Full Stack Web Development\\Final Project\\Grace\\vendor\\laravel\\framework\\src\\Illuminate\\Routing\\Router.php(776): Illuminate\\Routing\\Router->runRouteWithinStack(Object(Illuminate\\Routing\\Route), Object(Illuminate\\Http\\Request))
#39 D:\\For WEB\\Edraak Full Stack Web Development\\Final Project\\Grace\\vendor\\laravel\\framework\\src\\Illuminate\\Routing\\Router.php(740): Illuminate\\Routing\\Router->runRoute(Object(Illuminate\\Http\\Request), Object(Illuminate\\Routing\\Route))
#40 D:\\For WEB\\Edraak Full Stack Web Development\\Final Project\\Grace\\vendor\\laravel\\framework\\src\\Illuminate\\Routing\\Router.php(729): Illuminate\\Routing\\Router->dispatchToRoute(Object(Illuminate\\Http\\Request))
#41 D:\\For WEB\\Edraak Full Stack Web Development\\Final Project\\Grace\\vendor\\laravel\\framework\\src\\Illuminate\\Foundation\\Http\\Kernel.php(190): Illuminate\\Routing\\Router->dispatch(Object(Illuminate\\Http\\Request))
#42 D:\\For WEB\\Edraak Full Stack Web Development\\Final Project\\Grace\\vendor\\laravel\\framework\\src\\Illuminate\\Pipeline\\Pipeline.php(141): Illuminate\\Foundation\\Http\\Kernel->Illuminate\\Foundation\\Http\\{closure}(Object(Illuminate\\Http\\Request))
#43 D:\\For WEB\\Edraak Full Stack Web Development\\Final Project\\Grace\\app\\Http\\Middleware\\ErrorSessionStart.php(26): Illuminate\\Pipeline\\Pipeline->Illuminate\\Pipeline\\{closure}(Object(Illuminate\\Http\\Request))
#44 D:\\For WEB\\Edraak Full Stack Web Development\\Final Project\\Grace\\vendor\\laravel\\framework\\src\\Illuminate\\Pipeline\\Pipeline.php(180): App\\Http\\Middleware\\ErrorSessionStart->handle(Object(Illuminate\\Http\\Request), Object(Closure))
#45 D:\\For WEB\\Edraak Full Stack Web Development\\Final Project\\Grace\\app\\Http\\Middleware\\SecurityHeadersPolicy.php(24): Illuminate\\Pipeline\\Pipeline->Illuminate\\Pipeline\\{closure}(Object(Illuminate\\Http\\Request))
#46 D:\\For WEB\\Edraak Full Stack Web Development\\Final Project\\Grace\\vendor\\laravel\\framework\\src\\Illuminate\\Pipeline\\Pipeline.php(180): App\\Http\\Middleware\\SecurityHeadersPolicy->handle(Object(Illuminate\\Http\\Request), Object(Closure))
#47 D:\\For WEB\\Edraak Full Stack Web Development\\Final Project\\Grace\\vendor\\laravel\\framework\\src\\Illuminate\\Foundation\\Http\\Middleware\\TransformsRequest.php(21): Illuminate\\Pipeline\\Pipeline->Illuminate\\Pipeline\\{closure}(Object(Illuminate\\Http\\Request))
#48 D:\\For WEB\\Edraak Full Stack Web Development\\Final Project\\Grace\\vendor\\laravel\\framework\\src\\Illuminate\\Foundation\\Http\\Middleware\\ConvertEmptyStringsToNull.php(31): Illuminate\\Foundation\\Http\\Middleware\\TransformsRequest->handle(Object(Illuminate\\Http\\Request), Object(Closure))
#49 D:\\For WEB\\Edraak Full Stack Web Development\\Final Project\\Grace\\vendor\\laravel\\framework\\src\\Illuminate\\Pipeline\\Pipeline.php(180): Illuminate\\Foundation\\Http\\Middleware\\ConvertEmptyStringsToNull->handle(Object(Illuminate\\Http\\Request), Object(Closure))
#50 D:\\For WEB\\Edraak Full Stack Web Development\\Final Project\\Grace\\vendor\\laravel\\framework\\src\\Illuminate\\Foundation\\Http\\Middleware\\TransformsRequest.php(21): Illuminate\\Pipeline\\Pipeline->Illuminate\\Pipeline\\{closure}(Object(Illuminate\\Http\\Request))
#51 D:\\For WEB\\Edraak Full Stack Web Development\\Final Project\\Grace\\vendor\\laravel\\framework\\src\\Illuminate\\Foundation\\Http\\Middleware\\TrimStrings.php(40): Illuminate\\Foundation\\Http\\Middleware\\TransformsRequest->handle(Object(Illuminate\\Http\\Request), Object(Closure))
#52 D:\\For WEB\\Edraak Full Stack Web Development\\Final Project\\Grace\\vendor\\laravel\\framework\\src\\Illuminate\\Pipeline\\Pipeline.php(180): Illuminate\\Foundation\\Http\\Middleware\\TrimStrings->handle(Object(Illuminate\\Http\\Request), Object(Closure))
#53 D:\\For WEB\\Edraak Full Stack Web Development\\Final Project\\Grace\\vendor\\laravel\\framework\\src\\Illuminate\\Foundation\\Http\\Middleware\\ValidatePostSize.php(27): Illuminate\\Pipeline\\Pipeline->Illuminate\\Pipeline\\{closure}(Object(Illuminate\\Http\\Request))
#54 D:\\For WEB\\Edraak Full Stack Web Development\\Final Project\\Grace\\vendor\\laravel\\framework\\src\\Illuminate\\Pipeline\\Pipeline.php(180): Illuminate\\Foundation\\Http\\Middleware\\ValidatePostSize->handle(Object(Illuminate\\Http\\Request), Object(Closure))
#55 D:\\For WEB\\Edraak Full Stack Web Development\\Final Project\\Grace\\vendor\\laravel\\framework\\src\\Illuminate\\Foundation\\Http\\Middleware\\PreventRequestsDuringMaintenance.php(86): Illuminate\\Pipeline\\Pipeline->Illuminate\\Pipeline\\{closure}(Object(Illuminate\\Http\\Request))
#56 D:\\For WEB\\Edraak Full Stack Web Development\\Final Project\\Grace\\vendor\\laravel\\framework\\src\\Illuminate\\Pipeline\\Pipeline.php(180): Illuminate\\Foundation\\Http\\Middleware\\PreventRequestsDuringMaintenance->handle(Object(Illuminate\\Http\\Request), Object(Closure))
#57 D:\\For WEB\\Edraak Full Stack Web Development\\Final Project\\Grace\\vendor\\laravel\\framework\\src\\Illuminate\\Http\\Middleware\\HandleCors.php(49): Illuminate\\Pipeline\\Pipeline->Illuminate\\Pipeline\\{closure}(Object(Illuminate\\Http\\Request))
#58 D:\\For WEB\\Edraak Full Stack Web Development\\Final Project\\Grace\\vendor\\laravel\\framework\\src\\Illuminate\\Pipeline\\Pipeline.php(180): Illuminate\\Http\\Middleware\\HandleCors->handle(Object(Illuminate\\Http\\Request), Object(Closure))
#59 D:\\For WEB\\Edraak Full Stack Web Development\\Final Project\\Grace\\vendor\\laravel\\framework\\src\\Illuminate\\Http\\Middleware\\TrustProxies.php(39): Illuminate\\Pipeline\\Pipeline->Illuminate\\Pipeline\\{closure}(Object(Illuminate\\Http\\Request))
#60 D:\\For WEB\\Edraak Full Stack Web Development\\Final Project\\Grace\\vendor\\laravel\\framework\\src\\Illuminate\\Pipeline\\Pipeline.php(180): Illuminate\\Http\\Middleware\\TrustProxies->handle(Object(Illuminate\\Http\\Request), Object(Closure))
#61 D:\\For WEB\\Edraak Full Stack Web Development\\Final Project\\Grace\\vendor\\laravel\\framework\\src\\Illuminate\\Http\\Middleware\\TrustHosts.php(48): Illuminate\\Pipeline\\Pipeline->Illuminate\\Pipeline\\{closure}(Object(Illuminate\\Http\\Request))
#62 D:\\For WEB\\Edraak Full Stack Web Development\\Final Project\\Grace\\vendor\\laravel\\framework\\src\\Illuminate\\Pipeline\\Pipeline.php(180): Illuminate\\Http\\Middleware\\TrustHosts->handle(Object(Illuminate\\Http\\Request), Object(Closure))
#63 D:\\For WEB\\Edraak Full Stack Web Development\\Final Project\\Grace\\vendor\\laravel\\framework\\src\\Illuminate\\Pipeline\\Pipeline.php(116): Illuminate\\Pipeline\\Pipeline->Illuminate\\Pipeline\\{closure}(Object(Illuminate\\Http\\Request))
#64 D:\\For WEB\\Edraak Full Stack Web Development\\Final Project\\Grace\\vendor\\laravel\\framework\\src\\Illuminate\\Foundation\\Http\\Kernel.php(165): Illuminate\\Pipeline\\Pipeline->then(Object(Closure))
#65 D:\\For WEB\\Edraak Full Stack Web Development\\Final Project\\Grace\\vendor\\laravel\\framework\\src\\Illuminate\\Foundation\\Http\\Kernel.php(134): Illuminate\\Foundation\\Http\\Kernel->sendRequestThroughRouter(Object(Illuminate\\Http\\Request))
#66 D:\\For WEB\\Edraak Full Stack Web Development\\Final Project\\Grace\\public\\index.php(51): Illuminate\\Foundation\\Http\\Kernel->handle(Object(Illuminate\\Http\\Request))
#67 D:\\For WEB\\Edraak Full Stack Web Development\\Final Project\\Grace\\vendor\\laravel\\framework\\src\\Illuminate\\Foundation\\resources\\server.php(16): require_once('D:\\\\For WEB\\\\Edra...')
#68 {main}

[previous exception] [object] (GuzzleHttp\\Exception\\ConnectException(code: 0): cURL error 6: Could not resolve host: api.remove.bg (see https://curl.haxx.se/libcurl/c/libcurl-errors.html) for https://api.remove.bg/v1.0/removebg at D:\\For WEB\\Edraak Full Stack Web Development\\Final Project\\Grace\\vendor\\guzzlehttp\\guzzle\\src\\Handler\\CurlFactory.php:277)
[stacktrace]
#0 D:\\For WEB\\Edraak Full Stack Web Development\\Final Project\\Grace\\vendor\\guzzlehttp\\guzzle\\src\\Handler\\CurlFactory.php(207): GuzzleHttp\\Handler\\CurlFactory::createRejection(Object(GuzzleHttp\\Handler\\EasyHandle), Array)
#1 D:\\For WEB\\Edraak Full Stack Web Development\\Final Project\\Grace\\vendor\\guzzlehttp\\guzzle\\src\\Handler\\CurlFactory.php(159): GuzzleHttp\\Handler\\CurlFactory::finishError(Object(GuzzleHttp\\Handler\\CurlHandler), Object(GuzzleHttp\\Handler\\EasyHandle), Object(GuzzleHttp\\Handler\\CurlFactory))
#2 D:\\For WEB\\Edraak Full Stack Web Development\\Final Project\\Grace\\vendor\\guzzlehttp\\guzzle\\src\\Handler\\CurlHandler.php(47): GuzzleHttp\\Handler\\CurlFactory::finish(Object(GuzzleHttp\\Handler\\CurlHandler), Object(GuzzleHttp\\Handler\\EasyHandle), Object(GuzzleHttp\\Handler\\CurlFactory))
#3 D:\\For WEB\\Edraak Full Stack Web Development\\Final Project\\Grace\\vendor\\guzzlehttp\\guzzle\\src\\Handler\\Proxy.php(28): GuzzleHttp\\Handler\\CurlHandler->__invoke(Object(GuzzleHttp\\Psr7\\Request), Array)
#4 D:\\For WEB\\Edraak Full Stack Web Development\\Final Project\\Grace\\vendor\\guzzlehttp\\guzzle\\src\\Handler\\Proxy.php(48): GuzzleHttp\\Handler\\Proxy::GuzzleHttp\\Handler\\{closure}(Object(GuzzleHttp\\Psr7\\Request), Array)
#5 D:\\For WEB\\Edraak Full Stack Web Development\\Final Project\\Grace\\vendor\\laravel\\framework\\src\\Illuminate\\Http\\Client\\PendingRequest.php(1150): GuzzleHttp\\Handler\\Proxy::GuzzleHttp\\Handler\\{closure}(Object(GuzzleHttp\\Psr7\\Request), Array)
#6 D:\\For WEB\\Edraak Full Stack Web Development\\Final Project\\Grace\\vendor\\laravel\\framework\\src\\Illuminate\\Http\\Client\\PendingRequest.php(1116): Illuminate\\Http\\Client\\PendingRequest->Illuminate\\Http\\Client\\{closure}(Object(GuzzleHttp\\Psr7\\Request), Array)
#7 D:\\For WEB\\Edraak Full Stack Web Development\\Final Project\\Grace\\vendor\\laravel\\framework\\src\\Illuminate\\Http\\Client\\PendingRequest.php(1102): Illuminate\\Http\\Client\\PendingRequest->Illuminate\\Http\\Client\\{closure}(Object(GuzzleHttp\\Psr7\\Request), Array)
#8 D:\\For WEB\\Edraak Full Stack Web Development\\Final Project\\Grace\\vendor\\guzzlehttp\\guzzle\\src\\PrepareBodyMiddleware.php(64): Illuminate\\Http\\Client\\PendingRequest->Illuminate\\Http\\Client\\{closure}(Object(GuzzleHttp\\Psr7\\Request), Array)
#9 D:\\For WEB\\Edraak Full Stack Web Development\\Final Project\\Grace\\vendor\\guzzlehttp\\guzzle\\src\\Middleware.php(38): GuzzleHttp\\PrepareBodyMiddleware->__invoke(Object(GuzzleHttp\\Psr7\\Request), Array)
#10 D:\\For WEB\\Edraak Full Stack Web Development\\Final Project\\Grace\\vendor\\guzzlehttp\\guzzle\\src\\RedirectMiddleware.php(71): GuzzleHttp\\Middleware::GuzzleHttp\\{closure}(Object(GuzzleHttp\\Psr7\\Request), Array)
#11 D:\\For WEB\\Edraak Full Stack Web Development\\Final Project\\Grace\\vendor\\guzzlehttp\\guzzle\\src\\Middleware.php(63): GuzzleHttp\\RedirectMiddleware->__invoke(Object(GuzzleHttp\\Psr7\\Request), Array)
#12 D:\\For WEB\\Edraak Full Stack Web Development\\Final Project\\Grace\\vendor\\guzzlehttp\\guzzle\\src\\HandlerStack.php(75): GuzzleHttp\\Middleware::GuzzleHttp\\{closure}(Object(GuzzleHttp\\Psr7\\Request), Array)
#13 D:\\For WEB\\Edraak Full Stack Web Development\\Final Project\\Grace\\vendor\\guzzlehttp\\guzzle\\src\\Client.php(333): GuzzleHttp\\HandlerStack->__invoke(Object(GuzzleHttp\\Psr7\\Request), Array)
#14 D:\\For WEB\\Edraak Full Stack Web Development\\Final Project\\Grace\\vendor\\guzzlehttp\\guzzle\\src\\Client.php(169): GuzzleHttp\\Client->transfer(Object(GuzzleHttp\\Psr7\\Request), Array)
#15 D:\\For WEB\\Edraak Full Stack Web Development\\Final Project\\Grace\\vendor\\guzzlehttp\\guzzle\\src\\Client.php(189): GuzzleHttp\\Client->requestAsync('POST', Object(GuzzleHttp\\Psr7\\Uri), Array)
#16 D:\\For WEB\\Edraak Full Stack Web Development\\Final Project\\Grace\\vendor\\laravel\\framework\\src\\Illuminate\\Http\\Client\\PendingRequest.php(961): GuzzleHttp\\Client->request('POST', 'https://api.rem...', Array)
#17 D:\\For WEB\\Edraak Full Stack Web Development\\Final Project\\Grace\\vendor\\laravel\\framework\\src\\Illuminate\\Http\\Client\\PendingRequest.php(823): Illuminate\\Http\\Client\\PendingRequest->sendRequest('POST', 'https://api.rem...', Array)
#18 D:\\For WEB\\Edraak Full Stack Web Development\\Final Project\\Grace\\vendor\\laravel\\framework\\src\\Illuminate\\Support\\helpers.php(260): Illuminate\\Http\\Client\\PendingRequest->Illuminate\\Http\\Client\\{closure}(1)
#19 D:\\For WEB\\Edraak Full Stack Web Development\\Final Project\\Grace\\vendor\\laravel\\framework\\src\\Illuminate\\Http\\Client\\PendingRequest.php(821): retry(0, Object(Closure), 100, Object(Closure))
#20 D:\\For WEB\\Edraak Full Stack Web Development\\Final Project\\Grace\\vendor\\laravel\\framework\\src\\Illuminate\\Http\\Client\\PendingRequest.php(727): Illuminate\\Http\\Client\\PendingRequest->send('POST', 'https://api.rem...', Array)
#21 D:\\For WEB\\Edraak Full Stack Web Development\\Final Project\\Grace\\app\\Helpers\\Helpers.php(335): Illuminate\\Http\\Client\\PendingRequest->post('https://api.rem...', Array)
#22 D:\\For WEB\\Edraak Full Stack Web Development\\Final Project\\Grace\\app\\Helpers\\Helpers.php(382): storeImageWithoutBackground(Object(Illuminate\\Http\\UploadedFile), 'public/images/p...')
#23 D:\\For WEB\\Edraak Full Stack Web Development\\Final Project\\Grace\\app\\Services\\ProductService.php(207): storeOrUpdateImage('main_image', Object(App\\Models\\Product), NULL, Object(Illuminate\\Http\\UploadedFile), 'on')
#24 D:\\For WEB\\Edraak Full Stack Web Development\\Final Project\\Grace\\app\\Services\\ProductService.php(101): App\\Services\\ProductService->createOrUpdateCollection(Object(App\\Http\\Requests\\ProductRequest), Array)
#25 D:\\For WEB\\Edraak Full Stack Web Development\\Final Project\\Grace\\app\\Http\\Controllers\\ProductController.php(63): App\\Services\\ProductService->createOrUpdateProduct('add')
#26 D:\\For WEB\\Edraak Full Stack Web Development\\Final Project\\Grace\\vendor\\laravel\\framework\\src\\Illuminate\\Routing\\Controller.php(54): App\\Http\\Controllers\\ProductController->storeOrUpdate('add')
#27 D:\\For WEB\\Edraak Full Stack Web Development\\Final Project\\Grace\\vendor\\laravel\\framework\\src\\Illuminate\\Routing\\ControllerDispatcher.php(43): Illuminate\\Routing\\Controller->callAction('storeOrUpdate', Array)
#28 D:\\For WEB\\Edraak Full Stack Web Development\\Final Project\\Grace\\vendor\\laravel\\framework\\src\\Illuminate\\Routing\\Route.php(259): Illuminate\\Routing\\ControllerDispatcher->dispatch(Object(Illuminate\\Routing\\Route), Object(App\\Http\\Controllers\\ProductController), 'storeOrUpdate')
#29 D:\\For WEB\\Edraak Full Stack Web Development\\Final Project\\Grace\\vendor\\laravel\\framework\\src\\Illuminate\\Routing\\Route.php(205): Illuminate\\Routing\\Route->runController()
#30 D:\\For WEB\\Edraak Full Stack Web Development\\Final Project\\Grace\\vendor\\laravel\\framework\\src\\Illuminate\\Routing\\Router.php(798): Illuminate\\Routing\\Route->run()
#31 D:\\For WEB\\Edraak Full Stack Web Development\\Final Project\\Grace\\vendor\\laravel\\framework\\src\\Illuminate\\Pipeline\\Pipeline.php(141): Illuminate\\Routing\\Router->Illuminate\\Routing\\{closure}(Object(Illuminate\\Http\\Request))
#32 D:\\For WEB\\Edraak Full Stack Web Development\\Final Project\\Grace\\app\\Http\\Middleware\\Admin.php(25): Illuminate\\Pipeline\\Pipeline->Illuminate\\Pipeline\\{closure}(Object(Illuminate\\Http\\Request))
#33 D:\\For WEB\\Edraak Full Stack Web Development\\Final Project\\Grace\\vendor\\laravel\\framework\\src\\Illuminate\\Pipeline\\Pipeline.php(180): App\\Http\\Middleware\\Admin->handle(Object(Illuminate\\Http\\Request), Object(Closure))
#34 D:\\For WEB\\Edraak Full Stack Web Development\\Final Project\\Grace\\app\\Http\\Middleware\\UserActivity.php(31): Illuminate\\Pipeline\\Pipeline->Illuminate\\Pipeline\\{closure}(Object(Illuminate\\Http\\Request))
#35 D:\\For WEB\\Edraak Full Stack Web Development\\Final Project\\Grace\\vendor\\laravel\\framework\\src\\Illuminate\\Pipeline\\Pipeline.php(180): App\\Http\\Middleware\\UserActivity->handle(Object(Illuminate\\Http\\Request), Object(Closure))
#36 D:\\For WEB\\Edraak Full Stack Web Development\\Final Project\\Grace\\vendor\\laravel\\framework\\src\\Illuminate\\Routing\\Middleware\\SubstituteBindings.php(50): Illuminate\\Pipeline\\Pipeline->Illuminate\\Pipeline\\{closure}(Object(Illuminate\\Http\\Request))
#37 D:\\For WEB\\Edraak Full Stack Web Development\\Final Project\\Grace\\vendor\\laravel\\framework\\src\\Illuminate\\Pipeline\\Pipeline.php(180): Illuminate\\Routing\\Middleware\\SubstituteBindings->handle(Object(Illuminate\\Http\\Request), Object(Closure))
#38 D:\\For WEB\\Edraak Full Stack Web Development\\Final Project\\Grace\\vendor\\laravel\\framework\\src\\Illuminate\\Foundation\\Http\\Middleware\\VerifyCsrfToken.php(78): Illuminate\\Pipeline\\Pipeline->Illuminate\\Pipeline\\{closure}(Object(Illuminate\\Http\\Request))
#39 D:\\For WEB\\Edraak Full Stack Web Development\\Final Project\\Grace\\vendor\\laravel\\framework\\src\\Illuminate\\Pipeline\\Pipeline.php(180): Illuminate\\Foundation\\Http\\Middleware\\VerifyCsrfToken->handle(Object(Illuminate\\Http\\Request), Object(Closure))
#40 D:\\For WEB\\Edraak Full Stack Web Development\\Final Project\\Grace\\vendor\\laravel\\framework\\src\\Illuminate\\Cookie\\Middleware\\AddQueuedCookiesToResponse.php(37): Illuminate\\Pipeline\\Pipeline->Illuminate\\Pipeline\\{closure}(Object(Illuminate\\Http\\Request))
#41 D:\\For WEB\\Edraak Full Stack Web Development\\Final Project\\Grace\\vendor\\laravel\\framework\\src\\Illuminate\\Pipeline\\Pipeline.php(180): Illuminate\\Cookie\\Middleware\\AddQueuedCookiesToResponse->handle(Object(Illuminate\\Http\\Request), Object(Closure))
#42 D:\\For WEB\\Edraak Full Stack Web Development\\Final Project\\Grace\\vendor\\laravel\\framework\\src\\Illuminate\\Cookie\\Middleware\\EncryptCookies.php(67): Illuminate\\Pipeline\\Pipeline->Illuminate\\Pipeline\\{closure}(Object(Illuminate\\Http\\Request))
#43 D:\\For WEB\\Edraak Full Stack Web Development\\Final Project\\Grace\\vendor\\laravel\\framework\\src\\Illuminate\\Pipeline\\Pipeline.php(180): Illuminate\\Cookie\\Middleware\\EncryptCookies->handle(Object(Illuminate\\Http\\Request), Object(Closure))
#44 D:\\For WEB\\Edraak Full Stack Web Development\\Final Project\\Grace\\vendor\\laravel\\framework\\src\\Illuminate\\Routing\\Middleware\\ThrottleRequests.php(126): Illuminate\\Pipeline\\Pipeline->Illuminate\\Pipeline\\{closure}(Object(Illuminate\\Http\\Request))
#45 D:\\For WEB\\Edraak Full Stack Web Development\\Final Project\\Grace\\vendor\\laravel\\framework\\src\\Illuminate\\Routing\\Middleware\\ThrottleRequests.php(57): Illuminate\\Routing\\Middleware\\ThrottleRequests->handleRequest(Object(Illuminate\\Http\\Request), Object(Closure), Array)
#46 D:\\For WEB\\Edraak Full Stack Web Development\\Final Project\\Grace\\vendor\\laravel\\framework\\src\\Illuminate\\Pipeline\\Pipeline.php(180): Illuminate\\Routing\\Middleware\\ThrottleRequests->handle(Object(Illuminate\\Http\\Request), Object(Closure), '60', '1')
#47 D:\\For WEB\\Edraak Full Stack Web Development\\Final Project\\Grace\\vendor\\laravel\\framework\\src\\Illuminate\\Auth\\Middleware\\Authenticate.php(44): Illuminate\\Pipeline\\Pipeline->Illuminate\\Pipeline\\{closure}(Object(Illuminate\\Http\\Request))
#48 D:\\For WEB\\Edraak Full Stack Web Development\\Final Project\\Grace\\vendor\\laravel\\framework\\src\\Illuminate\\Pipeline\\Pipeline.php(180): Illuminate\\Auth\\Middleware\\Authenticate->handle(Object(Illuminate\\Http\\Request), Object(Closure))
#49 D:\\For WEB\\Edraak Full Stack Web Development\\Final Project\\Grace\\vendor\\laravel\\framework\\src\\Illuminate\\View\\Middleware\\ShareErrorsFromSession.php(49): Illuminate\\Pipeline\\Pipeline->Illuminate\\Pipeline\\{closure}(Object(Illuminate\\Http\\Request))
#50 D:\\For WEB\\Edraak Full Stack Web Development\\Final Project\\Grace\\vendor\\laravel\\framework\\src\\Illuminate\\Pipeline\\Pipeline.php(180): Illuminate\\View\\Middleware\\ShareErrorsFromSession->handle(Object(Illuminate\\Http\\Request), Object(Closure))
#51 D:\\For WEB\\Edraak Full Stack Web Development\\Final Project\\Grace\\vendor\\laravel\\framework\\src\\Illuminate\\Session\\Middleware\\StartSession.php(121): Illuminate\\Pipeline\\Pipeline->Illuminate\\Pipeline\\{closure}(Object(Illuminate\\Http\\Request))
#52 D:\\For WEB\\Edraak Full Stack Web Development\\Final Project\\Grace\\vendor\\laravel\\framework\\src\\Illuminate\\Session\\Middleware\\StartSession.php(64): Illuminate\\Session\\Middleware\\StartSession->handleStatefulRequest(Object(Illuminate\\Http\\Request), Object(Illuminate\\Session\\Store), Object(Closure))
#53 D:\\For WEB\\Edraak Full Stack Web Development\\Final Project\\Grace\\vendor\\laravel\\framework\\src\\Illuminate\\Pipeline\\Pipeline.php(180): Illuminate\\Session\\Middleware\\StartSession->handle(Object(Illuminate\\Http\\Request), Object(Closure))
#54 D:\\For WEB\\Edraak Full Stack Web Development\\Final Project\\Grace\\vendor\\laravel\\framework\\src\\Illuminate\\Pipeline\\Pipeline.php(116): Illuminate\\Pipeline\\Pipeline->Illuminate\\Pipeline\\{closure}(Object(Illuminate\\Http\\Request))
#55 D:\\For WEB\\Edraak Full Stack Web Development\\Final Project\\Grace\\vendor\\laravel\\framework\\src\\Illuminate\\Routing\\Router.php(797): Illuminate\\Pipeline\\Pipeline->then(Object(Closure))
#56 D:\\For WEB\\Edraak Full Stack Web Development\\Final Project\\Grace\\vendor\\laravel\\framework\\src\\Illuminate\\Routing\\Router.php(776): Illuminate\\Routing\\Router->runRouteWithinStack(Object(Illuminate\\Routing\\Route), Object(Illuminate\\Http\\Request))
#57 D:\\For WEB\\Edraak Full Stack Web Development\\Final Project\\Grace\\vendor\\laravel\\framework\\src\\Illuminate\\Routing\\Router.php(740): Illuminate\\Routing\\Router->runRoute(Object(Illuminate\\Http\\Request), Object(Illuminate\\Routing\\Route))
#58 D:\\For WEB\\Edraak Full Stack Web Development\\Final Project\\Grace\\vendor\\laravel\\framework\\src\\Illuminate\\Routing\\Router.php(729): Illuminate\\Routing\\Router->dispatchToRoute(Object(Illuminate\\Http\\Request))
#59 D:\\For WEB\\Edraak Full Stack Web Development\\Final Project\\Grace\\vendor\\laravel\\framework\\src\\Illuminate\\Foundation\\Http\\Kernel.php(190): Illuminate\\Routing\\Router->dispatch(Object(Illuminate\\Http\\Request))
#60 D:\\For WEB\\Edraak Full Stack Web Development\\Final Project\\Grace\\vendor\\laravel\\framework\\src\\Illuminate\\Pipeline\\Pipeline.php(141): Illuminate\\Foundation\\Http\\Kernel->Illuminate\\Foundation\\Http\\{closure}(Object(Illuminate\\Http\\Request))
#61 D:\\For WEB\\Edraak Full Stack Web Development\\Final Project\\Grace\\app\\Http\\Middleware\\ErrorSessionStart.php(26): Illuminate\\Pipeline\\Pipeline->Illuminate\\Pipeline\\{closure}(Object(Illuminate\\Http\\Request))
#62 D:\\For WEB\\Edraak Full Stack Web Development\\Final Project\\Grace\\vendor\\laravel\\framework\\src\\Illuminate\\Pipeline\\Pipeline.php(180): App\\Http\\Middleware\\ErrorSessionStart->handle(Object(Illuminate\\Http\\Request), Object(Closure))
#63 D:\\For WEB\\Edraak Full Stack Web Development\\Final Project\\Grace\\app\\Http\\Middleware\\SecurityHeadersPolicy.php(24): Illuminate\\Pipeline\\Pipeline->Illuminate\\Pipeline\\{closure}(Object(Illuminate\\Http\\Request))
#64 D:\\For WEB\\Edraak Full Stack Web Development\\Final Project\\Grace\\vendor\\laravel\\framework\\src\\Illuminate\\Pipeline\\Pipeline.php(180): App\\Http\\Middleware\\SecurityHeadersPolicy->handle(Object(Illuminate\\Http\\Request), Object(Closure))
#65 D:\\For WEB\\Edraak Full Stack Web Development\\Final Project\\Grace\\vendor\\laravel\\framework\\src\\Illuminate\\Foundation\\Http\\Middleware\\TransformsRequest.php(21): Illuminate\\Pipeline\\Pipeline->Illuminate\\Pipeline\\{closure}(Object(Illuminate\\Http\\Request))
#66 D:\\For WEB\\Edraak Full Stack Web Development\\Final Project\\Grace\\vendor\\laravel\\framework\\src\\Illuminate\\Foundation\\Http\\Middleware\\ConvertEmptyStringsToNull.php(31): Illuminate\\Foundation\\Http\\Middleware\\TransformsRequest->handle(Object(Illuminate\\Http\\Request), Object(Closure))
#67 D:\\For WEB\\Edraak Full Stack Web Development\\Final Project\\Grace\\vendor\\laravel\\framework\\src\\Illuminate\\Pipeline\\Pipeline.php(180): Illuminate\\Foundation\\Http\\Middleware\\ConvertEmptyStringsToNull->handle(Object(Illuminate\\Http\\Request), Object(Closure))
#68 D:\\For WEB\\Edraak Full Stack Web Development\\Final Project\\Grace\\vendor\\laravel\\framework\\src\\Illuminate\\Foundation\\Http\\Middleware\\TransformsRequest.php(21): Illuminate\\Pipeline\\Pipeline->Illuminate\\Pipeline\\{closure}(Object(Illuminate\\Http\\Request))
#69 D:\\For WEB\\Edraak Full Stack Web Development\\Final Project\\Grace\\vendor\\laravel\\framework\\src\\Illuminate\\Foundation\\Http\\Middleware\\TrimStrings.php(40): Illuminate\\Foundation\\Http\\Middleware\\TransformsRequest->handle(Object(Illuminate\\Http\\Request), Object(Closure))
#70 D:\\For WEB\\Edraak Full Stack Web Development\\Final Project\\Grace\\vendor\\laravel\\framework\\src\\Illuminate\\Pipeline\\Pipeline.php(180): Illuminate\\Foundation\\Http\\Middleware\\TrimStrings->handle(Object(Illuminate\\Http\\Request), Object(Closure))
#71 D:\\For WEB\\Edraak Full Stack Web Development\\Final Project\\Grace\\vendor\\laravel\\framework\\src\\Illuminate\\Foundation\\Http\\Middleware\\ValidatePostSize.php(27): Illuminate\\Pipeline\\Pipeline->Illuminate\\Pipeline\\{closure}(Object(Illuminate\\Http\\Request))
#72 D:\\For WEB\\Edraak Full Stack Web Development\\Final Project\\Grace\\vendor\\laravel\\framework\\src\\Illuminate\\Pipeline\\Pipeline.php(180): Illuminate\\Foundation\\Http\\Middleware\\ValidatePostSize->handle(Object(Illuminate\\Http\\Request), Object(Closure))
#73 D:\\For WEB\\Edraak Full Stack Web Development\\Final Project\\Grace\\vendor\\laravel\\framework\\src\\Illuminate\\Foundation\\Http\\Middleware\\PreventRequestsDuringMaintenance.php(86): Illuminate\\Pipeline\\Pipeline->Illuminate\\Pipeline\\{closure}(Object(Illuminate\\Http\\Request))
#74 D:\\For WEB\\Edraak Full Stack Web Development\\Final Project\\Grace\\vendor\\laravel\\framework\\src\\Illuminate\\Pipeline\\Pipeline.php(180): Illuminate\\Foundation\\Http\\Middleware\\PreventRequestsDuringMaintenance->handle(Object(Illuminate\\Http\\Request), Object(Closure))
#75 D:\\For WEB\\Edraak Full Stack Web Development\\Final Project\\Grace\\vendor\\laravel\\framework\\src\\Illuminate\\Http\\Middleware\\HandleCors.php(49): Illuminate\\Pipeline\\Pipeline->Illuminate\\Pipeline\\{closure}(Object(Illuminate\\Http\\Request))
#76 D:\\For WEB\\Edraak Full Stack Web Development\\Final Project\\Grace\\vendor\\laravel\\framework\\src\\Illuminate\\Pipeline\\Pipeline.php(180): Illuminate\\Http\\Middleware\\HandleCors->handle(Object(Illuminate\\Http\\Request), Object(Closure))
#77 D:\\For WEB\\Edraak Full Stack Web Development\\Final Project\\Grace\\vendor\\laravel\\framework\\src\\Illuminate\\Http\\Middleware\\TrustProxies.php(39): Illuminate\\Pipeline\\Pipeline->Illuminate\\Pipeline\\{closure}(Object(Illuminate\\Http\\Request))
#78 D:\\For WEB\\Edraak Full Stack Web Development\\Final Project\\Grace\\vendor\\laravel\\framework\\src\\Illuminate\\Pipeline\\Pipeline.php(180): Illuminate\\Http\\Middleware\\TrustProxies->handle(Object(Illuminate\\Http\\Request), Object(Closure))
#79 D:\\For WEB\\Edraak Full Stack Web Development\\Final Project\\Grace\\vendor\\laravel\\framework\\src\\Illuminate\\Http\\Middleware\\TrustHosts.php(48): Illuminate\\Pipeline\\Pipeline->Illuminate\\Pipeline\\{closure}(Object(Illuminate\\Http\\Request))
#80 D:\\For WEB\\Edraak Full Stack Web Development\\Final Project\\Grace\\vendor\\laravel\\framework\\src\\Illuminate\\Pipeline\\Pipeline.php(180): Illuminate\\Http\\Middleware\\TrustHosts->handle(Object(Illuminate\\Http\\Request), Object(Closure))
#81 D:\\For WEB\\Edraak Full Stack Web Development\\Final Project\\Grace\\vendor\\laravel\\framework\\src\\Illuminate\\Pipeline\\Pipeline.php(116): Illuminate\\Pipeline\\Pipeline->Illuminate\\Pipeline\\{closure}(Object(Illuminate\\Http\\Request))
#82 D:\\For WEB\\Edraak Full Stack Web Development\\Final Project\\Grace\\vendor\\laravel\\framework\\src\\Illuminate\\Foundation\\Http\\Kernel.php(165): Illuminate\\Pipeline\\Pipeline->then(Object(Closure))
#83 D:\\For WEB\\Edraak Full Stack Web Development\\Final Project\\Grace\\vendor\\laravel\\framework\\src\\Illuminate\\Foundation\\Http\\Kernel.php(134): Illuminate\\Foundation\\Http\\Kernel->sendRequestThroughRouter(Object(Illuminate\\Http\\Request))
#84 D:\\For WEB\\Edraak Full Stack Web Development\\Final Project\\Grace\\public\\index.php(51): Illuminate\\Foundation\\Http\\Kernel->handle(Object(Illuminate\\Http\\Request))
#85 D:\\For WEB\\Edraak Full Stack Web Development\\Final Project\\Grace\\vendor\\laravel\\framework\\src\\Illuminate\\Foundation\\resources\\server.php(16): require_once('D:\\\\For WEB\\\\Edra...')
#86 {main}
"} 
